<?xml version="1.0" encoding="UTF-8"?>
<testsuite name="org.demo.datastructures.SinglyLinkedListTest" tests="1" skipped="0" failures="0" errors="0" timestamp="2018-03-05T07:24:46" hostname="LAPTOP-BSV05SGP" time="0.008">
  <properties/>
  <testcase name="testNewLinkedList" classname="org.demo.datastructures.SinglyLinkedListTest" time="0.008"/>
  <system-out><![CDATA[]]></system-out>
  <system-err><![CDATA[]]></system-err>
</testsuite>
