<?xml version="1.0" encoding="UTF-8"?>
<testsuite name="org.demo.utilities.TestHexAsciiConversion" tests="8" skipped="0" failures="0" errors="0" timestamp="2018-03-05T07:24:46" hostname="LAPTOP-BSV05SGP" time="0.342">
  <properties/>
  <testcase name="testAsciiToHexValid" classname="org.demo.utilities.TestHexAsciiConversion" time="0.001"/>
  <testcase name="testHextoAsciiNull" classname="org.demo.utilities.TestHexAsciiConversion" time="0.0"/>
  <testcase name="testHexToAsciiValid" classname="org.demo.utilities.TestHexAsciiConversion" time="0.001"/>
  <testcase name="testAsciiToHexNull" classname="org.demo.utilities.TestHexAsciiConversion" time="0.0"/>
  <testcase name="testAsciiToHexValid" classname="org.demo.utilities.TestHexAsciiConversion" time="0.0"/>
  <testcase name="testHextoAsciiNull" classname="org.demo.utilities.TestHexAsciiConversion" time="0.001"/>
  <testcase name="testHexToAsciiValid" classname="org.demo.utilities.TestHexAsciiConversion" time="0.0"/>
  <testcase name="testAsciiToHexNull" classname="org.demo.utilities.TestHexAsciiConversion" time="0.0"/>
  <system-out><![CDATA[74657374696e6720617363696920636f6e76657274696f6e20696e746f2068657861646563696d616c
testing ascii convertion into hexadecimal
74657374696e6720617363696920636f6e76657274696f6e20696e746f2068657861646563696d616c
testing ascii convertion into hexadecimal
]]></system-out>
  <system-err><![CDATA[]]></system-err>
</testsuite>
