<?xml version="1.0" encoding="UTF-8"?>
<testsuite name="org.demo.utilities.TestPrimeNumberChecker" tests="6" skipped="0" failures="0" errors="0" timestamp="2018-03-05T07:24:46" hostname="LAPTOP-BSV05SGP" time="0.003">
  <properties/>
  <testcase name="testPrimeNumberChecker[0]" classname="org.demo.utilities.TestPrimeNumberChecker" time="0.001"/>
  <testcase name="testPrimeNumberChecker[1]" classname="org.demo.utilities.TestPrimeNumberChecker" time="0.0"/>
  <testcase name="testPrimeNumberChecker[2]" classname="org.demo.utilities.TestPrimeNumberChecker" time="0.0"/>
  <testcase name="testPrimeNumberChecker[3]" classname="org.demo.utilities.TestPrimeNumberChecker" time="0.0"/>
  <testcase name="testPrimeNumberChecker[4]" classname="org.demo.utilities.TestPrimeNumberChecker" time="0.001"/>
  <testcase name="testPrimeNumberChecker[5]" classname="org.demo.utilities.TestPrimeNumberChecker" time="0.0"/>
  <system-out><![CDATA[Parameterized Number is : 2
Parameterized Number is : 6
Parameterized Number is : 19
Parameterized Number is : 22
Parameterized Number is : 23
Parameterized Number is : 4
]]></system-out>
  <system-err><![CDATA[]]></system-err>
</testsuite>
