<?xml version="1.0" encoding="UTF-8"?>
<testsuite name="org.demo.utilities.NumberRangeCounterTest" tests="2" skipped="0" failures="0" errors="0" timestamp="2018-03-05T07:24:46" hostname="LAPTOP-BSV05SGP" time="0.05">
  <properties/>
  <testcase name="subsequentNumber" classname="org.demo.utilities.NumberRangeCounterTest" time="0.026"/>
  <testcase name="lowerBound" classname="org.demo.utilities.NumberRangeCounterTest" time="0.024"/>
  <system-out><![CDATA[]]></system-out>
  <system-err><![CDATA[]]></system-err>
</testsuite>
