<?xml version="1.0" encoding="UTF-8"?>
<testsuite name="org.demo.utilities.TestXMLCase" tests="2" skipped="0" failures="0" errors="0" timestamp="2018-03-05T07:24:46" hostname="LAPTOP-BSV05SGP" time="0.336">
  <properties/>
  <testcase name="testForXMLEquality" classname="org.demo.utilities.TestXMLCase" time="0.227"/>
  <testcase name="testForXMLEquality" classname="org.demo.utilities.TestXMLCase" time="0.001"/>
  <system-out><![CDATA[]]></system-out>
  <system-err><![CDATA[]]></system-err>
</testsuite>
